app/build/intermediates/manifest_merge_blame_file/release/manifest-merger-blame-release-report.txt
1<?xml version="1.0" encoding="utf-8"?>
2<manifest xmlns:android="http://schemas.android.com/apk/res/android"
3    package="com.example.uci_sos"
4    android:versionCode="1"
5    android:versionName="1.0" >
6
7    <uses-sdk
8        android:minSdkVersion="19"
8-->src\main\AndroidManifest.xml
9        android:targetSdkVersion="29" />
9-->src\main\AndroidManifest.xml
10    <!-- Although the *SdkVersion is captured in gradle build files, this is required for non gradle builds -->
11    <!-- <uses-sdk android:minSdkVersion="14"/> -->
12    <uses-permission android:name="android.permission.ACCESS_NETWORK_STATE" />
12-->[com.google.firebase:firebase-database:19.3.0] AndroidManifest.xml:25:5-79
12-->[com.google.firebase:firebase-database:19.3.0] AndroidManifest.xml:25:22-76
13    <uses-permission android:name="android.permission.INTERNET" />
13-->[com.google.firebase:firebase-database:19.3.0] AndroidManifest.xml:26:5-67
13-->[com.google.firebase:firebase-database:19.3.0] AndroidManifest.xml:26:22-64
14    <uses-permission android:name="android.permission.WAKE_LOCK" /> <!-- Required by older versions of Google Play services to create IID tokens -->
14-->[com.google.android.gms:play-services-measurement-api:17.4.2] AndroidManifest.xml:24:5-68
14-->[com.google.android.gms:play-services-measurement-api:17.4.2] AndroidManifest.xml:24:22-65
15    <uses-permission android:name="com.google.android.c2dm.permission.RECEIVE" />
15-->[com.google.firebase:firebase-iid:20.1.5] AndroidManifest.xml:26:5-82
15-->[com.google.firebase:firebase-iid:20.1.5] AndroidManifest.xml:26:22-79
16    <uses-permission android:name="com.google.android.finsky.permission.BIND_GET_INSTALL_REFERRER_SERVICE" />
16-->[com.google.android.gms:play-services-measurement:17.4.2] AndroidManifest.xml:26:5-110
16-->[com.google.android.gms:play-services-measurement:17.4.2] AndroidManifest.xml:26:22-107
17
18    <application
18-->src\main\AndroidManifest.xml:5:5-55:19
19        android:allowBackup="true"
19-->src\main\AndroidManifest.xml:6:9-35
20        android:appComponentFactory="androidx.core.app.CoreComponentFactory"
20-->[androidx.core:core:1.1.0] AndroidManifest.xml:24:18-86
21        android:hardwareAccelerated="false"
21-->src\main\AndroidManifest.xml:7:9-44
22        android:icon="@mipmap/ic_launcher"
22-->src\main\AndroidManifest.xml:8:9-43
23        android:label="@string/app_name"
23-->src\main\AndroidManifest.xml:9:9-41
24        android:largeHeap="true"
24-->src\main\AndroidManifest.xml:10:9-33
25        android:roundIcon="@mipmap/ic_launcher_round"
25-->src\main\AndroidManifest.xml:11:9-54
26        android:supportsRtl="true"
26-->src\main\AndroidManifest.xml:12:9-35
27        android:theme="@style/AppTheme" >
27-->src\main\AndroidManifest.xml:13:9-40
28        <activity
28-->src\main\AndroidManifest.xml:15:9-24:20
29            android:name="com.example.uci_sos.Buscar"
29-->src\main\AndroidManifest.xml:16:13-35
30            android:parentActivityName="com.example.uci_sos.Reservar"
30-->src\main\AndroidManifest.xml:17:13-51
31            android:screenOrientation="portrait" >
31-->src\main\AndroidManifest.xml:18:13-49
32            <intent-filter>
32-->src\main\AndroidManifest.xml:19:13-23:29
33                <action android:name="android.intent.action.MAIN" />
33-->src\main\AndroidManifest.xml:20:17-69
33-->src\main\AndroidManifest.xml:20:25-66
34
35                <category android:name="android.intent.category.LAUNCHER" />
35-->src\main\AndroidManifest.xml:22:17-77
35-->src\main\AndroidManifest.xml:22:27-74
36            </intent-filter>
37        </activity>
38        <activity
38-->src\main\AndroidManifest.xml:25:9-27:52
39            android:name="com.example.uci_sos.Datos"
39-->src\main\AndroidManifest.xml:26:13-34
40            android:screenOrientation="portrait" />
40-->src\main\AndroidManifest.xml:27:13-49
41        <activity
41-->src\main\AndroidManifest.xml:28:9-30:52
42            android:name="com.example.uci_sos.ReservaRealizada"
42-->src\main\AndroidManifest.xml:29:13-45
43            android:screenOrientation="portrait" />
43-->src\main\AndroidManifest.xml:30:13-49
44        <activity
44-->src\main\AndroidManifest.xml:31:9-33:52
45            android:name="com.example.uci_sos.Registro"
45-->src\main\AndroidManifest.xml:32:13-37
46            android:screenOrientation="portrait" />
46-->src\main\AndroidManifest.xml:33:13-49
47        <activity
47-->src\main\AndroidManifest.xml:34:9-36:52
48            android:name="com.example.uci_sos.ConfigPlanta"
48-->src\main\AndroidManifest.xml:35:13-41
49            android:screenOrientation="portrait" />
49-->src\main\AndroidManifest.xml:36:13-49
50        <activity
50-->src\main\AndroidManifest.xml:37:9-39:52
51            android:name="com.example.uci_sos.Login"
51-->src\main\AndroidManifest.xml:38:13-34
52            android:screenOrientation="portrait" />
52-->src\main\AndroidManifest.xml:39:13-49
53        <activity
53-->src\main\AndroidManifest.xml:40:9-42:52
54            android:name="com.example.uci_sos.Reservar"
54-->src\main\AndroidManifest.xml:41:13-37
55            android:screenOrientation="portrait" />
55-->src\main\AndroidManifest.xml:42:13-49
56        <activity
56-->src\main\AndroidManifest.xml:43:9-45:52
57            android:name="com.example.uci_sos.MisCamas"
57-->src\main\AndroidManifest.xml:44:13-37
58            android:screenOrientation="portrait" />
58-->src\main\AndroidManifest.xml:45:13-49
59        <activity
59-->src\main\AndroidManifest.xml:46:9-50:20
60            android:name="com.example.uci_sos.Splash"
60-->src\main\AndroidManifest.xml:47:13-35
61            android:screenOrientation="portrait" >
61-->src\main\AndroidManifest.xml:48:13-49
62        </activity>
63        <activity
63-->src\main\AndroidManifest.xml:51:9-53:52
64            android:name="com.example.uci_sos.MiHospital"
64-->src\main\AndroidManifest.xml:52:13-39
65            android:screenOrientation="portrait" />
65-->src\main\AndroidManifest.xml:53:13-49
66        <activity
66-->[com.google.firebase:firebase-auth:19.3.1] AndroidManifest.xml:24:9-31:50
67            android:name="com.google.firebase.auth.internal.FederatedSignInActivity"
67-->[com.google.firebase:firebase-auth:19.3.1] AndroidManifest.xml:25:13-85
68            android:excludeFromRecents="true"
68-->[com.google.firebase:firebase-auth:19.3.1] AndroidManifest.xml:26:13-46
69            android:exported="true"
69-->[com.google.firebase:firebase-auth:19.3.1] AndroidManifest.xml:27:13-36
70            android:launchMode="singleTask"
70-->[com.google.firebase:firebase-auth:19.3.1] AndroidManifest.xml:28:13-44
71            android:permission="com.google.firebase.auth.api.gms.permission.LAUNCH_FEDERATED_SIGN_IN"
71-->[com.google.firebase:firebase-auth:19.3.1] AndroidManifest.xml:29:13-102
72            android:theme="@android:style/Theme.Translucent.NoTitleBar" />
72-->[com.google.firebase:firebase-auth:19.3.1] AndroidManifest.xml:30:13-72
73
74        <service
74-->[com.google.firebase:firebase-auth:19.3.1] AndroidManifest.xml:33:9-39:19
75            android:name="com.google.firebase.components.ComponentDiscoveryService"
75-->[com.google.firebase:firebase-auth:19.3.1] AndroidManifest.xml:34:13-84
76            android:directBootAware="true"
76-->[com.google.firebase:firebase-common:19.3.0] AndroidManifest.xml:34:13-43
77            android:exported="false" >
77-->[com.google.firebase:firebase-auth:19.3.1] AndroidManifest.xml:35:13-37
78            <meta-data
78-->[com.google.firebase:firebase-auth:19.3.1] AndroidManifest.xml:36:13-38:85
79                android:name="com.google.firebase.components:com.google.firebase.auth.FirebaseAuthRegistrar"
79-->[com.google.firebase:firebase-auth:19.3.1] AndroidManifest.xml:37:17-109
80                android:value="com.google.firebase.components.ComponentRegistrar" />
80-->[com.google.firebase:firebase-auth:19.3.1] AndroidManifest.xml:38:17-82
81            <meta-data
81-->[com.google.firebase:firebase-database:19.3.0] AndroidManifest.xml:32:13-34:85
82                android:name="com.google.firebase.components:com.google.firebase.database.DatabaseRegistrar"
82-->[com.google.firebase:firebase-database:19.3.0] AndroidManifest.xml:33:17-109
83                android:value="com.google.firebase.components.ComponentRegistrar" />
83-->[com.google.firebase:firebase-database:19.3.0] AndroidManifest.xml:34:17-82
84            <meta-data
84-->[com.google.android.gms:play-services-measurement-api:17.4.2] AndroidManifest.xml:30:13-32:85
85                android:name="com.google.firebase.components:com.google.firebase.analytics.connector.internal.AnalyticsConnectorRegistrar"
85-->[com.google.android.gms:play-services-measurement-api:17.4.2] AndroidManifest.xml:31:17-139
86                android:value="com.google.firebase.components.ComponentRegistrar" />
86-->[com.google.android.gms:play-services-measurement-api:17.4.2] AndroidManifest.xml:32:17-82
87            <meta-data
87-->[com.google.firebase:firebase-iid:20.1.5] AndroidManifest.xml:32:13-34:85
88                android:name="com.google.firebase.components:com.google.firebase.iid.Registrar"
88-->[com.google.firebase:firebase-iid:20.1.5] AndroidManifest.xml:33:17-96
89                android:value="com.google.firebase.components.ComponentRegistrar" />
89-->[com.google.firebase:firebase-iid:20.1.5] AndroidManifest.xml:34:17-82
90            <meta-data
90-->[com.google.firebase:firebase-installations:16.2.1] AndroidManifest.xml:17:13-19:85
91                android:name="com.google.firebase.components:com.google.firebase.installations.FirebaseInstallationsRegistrar"
91-->[com.google.firebase:firebase-installations:16.2.1] AndroidManifest.xml:18:17-127
92                android:value="com.google.firebase.components.ComponentRegistrar" />
92-->[com.google.firebase:firebase-installations:16.2.1] AndroidManifest.xml:19:17-82
93        </service>
94
95        <receiver
95-->[com.google.firebase:firebase-iid:20.1.5] AndroidManifest.xml:37:9-44:20
96            android:name="com.google.firebase.iid.FirebaseInstanceIdReceiver"
96-->[com.google.firebase:firebase-iid:20.1.5] AndroidManifest.xml:38:13-78
97            android:exported="true"
97-->[com.google.firebase:firebase-iid:20.1.5] AndroidManifest.xml:39:13-36
98            android:permission="com.google.android.c2dm.permission.SEND" >
98-->[com.google.firebase:firebase-iid:20.1.5] AndroidManifest.xml:40:13-73
99            <intent-filter>
99-->[com.google.firebase:firebase-iid:20.1.5] AndroidManifest.xml:41:13-43:29
100                <action android:name="com.google.android.c2dm.intent.RECEIVE" />
100-->[com.google.firebase:firebase-iid:20.1.5] AndroidManifest.xml:42:17-81
100-->[com.google.firebase:firebase-iid:20.1.5] AndroidManifest.xml:42:25-78
101            </intent-filter>
102        </receiver>
103
104        <activity
104-->[com.google.android.gms:play-services-base:17.1.0] AndroidManifest.xml:23:9-26:75
105            android:name="com.google.android.gms.common.api.GoogleApiActivity"
105-->[com.google.android.gms:play-services-base:17.1.0] AndroidManifest.xml:24:13-79
106            android:exported="false"
106-->[com.google.android.gms:play-services-base:17.1.0] AndroidManifest.xml:25:13-37
107            android:theme="@android:style/Theme.Translucent.NoTitleBar" />
107-->[com.google.android.gms:play-services-base:17.1.0] AndroidManifest.xml:26:13-72
108
109        <receiver
109-->[com.google.android.gms:play-services-measurement:17.4.2] AndroidManifest.xml:29:9-33:20
110            android:name="com.google.android.gms.measurement.AppMeasurementReceiver"
110-->[com.google.android.gms:play-services-measurement:17.4.2] AndroidManifest.xml:30:13-85
111            android:enabled="true"
111-->[com.google.android.gms:play-services-measurement:17.4.2] AndroidManifest.xml:31:13-35
112            android:exported="false" >
112-->[com.google.android.gms:play-services-measurement:17.4.2] AndroidManifest.xml:32:13-37
113        </receiver>
114
115        <service
115-->[com.google.android.gms:play-services-measurement:17.4.2] AndroidManifest.xml:35:9-38:40
116            android:name="com.google.android.gms.measurement.AppMeasurementService"
116-->[com.google.android.gms:play-services-measurement:17.4.2] AndroidManifest.xml:36:13-84
117            android:enabled="true"
117-->[com.google.android.gms:play-services-measurement:17.4.2] AndroidManifest.xml:37:13-35
118            android:exported="false" />
118-->[com.google.android.gms:play-services-measurement:17.4.2] AndroidManifest.xml:38:13-37
119        <service
119-->[com.google.android.gms:play-services-measurement:17.4.2] AndroidManifest.xml:39:9-43:72
120            android:name="com.google.android.gms.measurement.AppMeasurementJobService"
120-->[com.google.android.gms:play-services-measurement:17.4.2] AndroidManifest.xml:40:13-87
121            android:enabled="true"
121-->[com.google.android.gms:play-services-measurement:17.4.2] AndroidManifest.xml:41:13-35
122            android:exported="false"
122-->[com.google.android.gms:play-services-measurement:17.4.2] AndroidManifest.xml:42:13-37
123            android:permission="android.permission.BIND_JOB_SERVICE" />
123-->[com.google.android.gms:play-services-measurement:17.4.2] AndroidManifest.xml:43:13-69
124
125        <provider
125-->[com.google.firebase:firebase-common:19.3.0] AndroidManifest.xml:26:9-30:39
126            android:name="com.google.firebase.provider.FirebaseInitProvider"
126-->[com.google.firebase:firebase-common:19.3.0] AndroidManifest.xml:27:13-77
127            android:authorities="com.example.uci_sos.firebaseinitprovider"
127-->[com.google.firebase:firebase-common:19.3.0] AndroidManifest.xml:28:13-72
128            android:exported="false"
128-->[com.google.firebase:firebase-common:19.3.0] AndroidManifest.xml:29:13-37
129            android:initOrder="100" />
129-->[com.google.firebase:firebase-common:19.3.0] AndroidManifest.xml:30:13-36
130
131        <meta-data
131-->[com.google.android.gms:play-services-basement:17.0.0] AndroidManifest.xml:23:9-25:69
132            android:name="com.google.android.gms.version"
132-->[com.google.android.gms:play-services-basement:17.0.0] AndroidManifest.xml:24:13-58
133            android:value="@integer/google_play_services_version" />
133-->[com.google.android.gms:play-services-basement:17.0.0] AndroidManifest.xml:25:13-66
134    </application>
135
136</manifest>